#-----------------------------------------------------------
# Vivado v2021.1 (64-bit)
# SW Build 3247384 on Thu Jun 10 19:36:33 MDT 2021
# IP Build 3246043 on Fri Jun 11 00:30:35 MDT 2021
# Start of session at: Thu Apr  7 09:06:15 2022
# Process ID: 9584
# Current directory: C:/Users/User/Documents/GitHub/Processador_6_instrucoes
# Command line: vivado.exe -gui_launcher_event rodinguilauncherevent12752 C:\Users\User\Documents\GitHub\Processador_6_instrucoes\processador_6_instrucoes.xpr
# Log file: C:/Users/User/Documents/GitHub/Processador_6_instrucoes/vivado.log
# Journal file: C:/Users/User/Documents/GitHub/Processador_6_instrucoes\vivado.jou
#-----------------------------------------------------------
start_gui
open_project -part xc7a12ticsg325-1L C:/Users/User/Documents/GitHub/Processador_6_instrucoes/processador_6_instrucoes.xpr
INFO: [Project 1-313] Project file moved from 'C:/Users/Luiz/Desktop/Projeto de circuitos integrados digitais/Projeto Final/processador_6_instrucoes' since last save.
INFO: [Project 1-563] Overriding project part, 'xc7vx485tffg1157-1', with new part: 'xc7a12ticsg325-1L'.
WARNING: [filemgmt 56-2] Default IP Output Path : Could not find the directory 'C:/Users/User/Documents/GitHub/Processador_6_instrucoes/processador_6_instrucoes.gen/sources_1', nor could it be found using path 'C:/Users/Luiz/Desktop/Projeto de circuitos integrados digitais/Projeto Final/processador_6_instrucoes/processador_6_instrucoes.gen/sources_1'.
CRITICAL WARNING: [Project 1-311] Could not find the file 'C:/Users/User/Documents/GitHub/Unidade_de_controle/Unidade_de_controle.srcs/sources_1/imports/processador_6_instrucoes/somador.vhd', nor could it be found using path 'C:/Users/Luiz/Desktop/Projeto de circuitos integrados digitais/Projeto Final/Unidade_de_controle/Unidade_de_controle.srcs/sources_1/imports/processador_6_instrucoes/somador.vhd'.
CRITICAL WARNING: [Project 1-311] Could not find the file 'C:/Users/User/Documents/GitHub/Unidade_de_controle/Unidade_de_controle.srcs/sources_1/imports/processador_6_instrucoes/bloco_controle.vhd', nor could it be found using path 'C:/Users/Luiz/Desktop/Projeto de circuitos integrados digitais/Projeto Final/Unidade_de_controle/Unidade_de_controle.srcs/sources_1/imports/processador_6_instrucoes/bloco_controle.vhd'.
CRITICAL WARNING: [Project 1-311] Could not find the file 'C:/Users/User/Documents/GitHub/Bloco_Operacional/Bloco_Operacional.srcs/sources_1/new/memD.vhd', nor could it be found using path 'C:/Users/Luiz/Desktop/Projeto de circuitos integrados digitais/Projeto Final/Bloco_Operacional/Bloco_Operacional.srcs/sources_1/new/memD.vhd'.
CRITICAL WARNING: [Project 1-311] Could not find the file 'C:/Users/User/Documents/GitHub/Unidade_de_controle/Unidade_de_controle.srcs/sources_1/imports/processador_6_instrucoes/ProgramCounter/PC/pc.vhd', nor could it be found using path 'C:/Users/Luiz/Desktop/Projeto de circuitos integrados digitais/Projeto Final/Unidade_de_controle/Unidade_de_controle.srcs/sources_1/imports/processador_6_instrucoes/ProgramCounter/PC/pc.vhd'.
CRITICAL WARNING: [Project 1-311] Could not find the file 'C:/Users/User/Documents/GitHub/Unidade_de_controle/Unidade_de_controle.srcs/sources_1/imports/processador_6_instrucoes/unidade_de_controle.vhd', nor could it be found using path 'C:/Users/Luiz/Desktop/Projeto de circuitos integrados digitais/Projeto Final/Unidade_de_controle/Unidade_de_controle.srcs/sources_1/imports/processador_6_instrucoes/unidade_de_controle.vhd'.
CRITICAL WARNING: [Project 1-311] Could not find the file 'C:/Users/User/Documents/GitHub/Unidade_de_controle/Unidade_de_controle.srcs/sources_1/imports/processador_6_instrucoes/MemoryI/memI.vhd', nor could it be found using path 'C:/Users/Luiz/Desktop/Projeto de circuitos integrados digitais/Projeto Final/Unidade_de_controle/Unidade_de_controle.srcs/sources_1/imports/processador_6_instrucoes/MemoryI/memI.vhd'.
CRITICAL WARNING: [Project 1-311] Could not find the file 'C:/Users/User/Documents/GitHub/Bloco_Operacional/Bloco_Operacional.srcs/sources_1/new/ALU.vhd', nor could it be found using path 'C:/Users/Luiz/Desktop/Projeto de circuitos integrados digitais/Projeto Final/Bloco_Operacional/Bloco_Operacional.srcs/sources_1/new/ALU.vhd'.
CRITICAL WARNING: [Project 1-311] Could not find the file 'C:/Users/User/Documents/GitHub/Bloco_Operacional/Bloco_Operacional.srcs/sources_1/new/MUX3x1.vhd', nor could it be found using path 'C:/Users/Luiz/Desktop/Projeto de circuitos integrados digitais/Projeto Final/Bloco_Operacional/Bloco_Operacional.srcs/sources_1/new/MUX3x1.vhd'.
CRITICAL WARNING: [Project 1-311] Could not find the file 'C:/Users/User/Documents/GitHub/Bloco_Operacional/Bloco_Operacional.srcs/sources_1/new/flag0.vhd', nor could it be found using path 'C:/Users/Luiz/Desktop/Projeto de circuitos integrados digitais/Projeto Final/Bloco_Operacional/Bloco_Operacional.srcs/sources_1/new/flag0.vhd'.
CRITICAL WARNING: [Project 1-311] Could not find the file 'C:/Users/User/Documents/GitHub/Bloco_Operacional/Bloco_Operacional.srcs/sources_1/new/top_level_operacional.vhd', nor could it be found using path 'C:/Users/Luiz/Desktop/Projeto de circuitos integrados digitais/Projeto Final/Bloco_Operacional/Bloco_Operacional.srcs/sources_1/new/top_level_operacional.vhd'.
CRITICAL WARNING: [Project 1-311] Could not find the file 'C:/Users/User/Documents/GitHub/Unidade_de_controle/Unidade_de_controle.srcs/sources_1/new/top_level_controle.vhd', nor could it be found using path 'C:/Users/Luiz/Desktop/Projeto de circuitos integrados digitais/Projeto Final/Unidade_de_controle/Unidade_de_controle.srcs/sources_1/new/top_level_controle.vhd'.
CRITICAL WARNING: [Project 1-311] Could not find the file 'C:/Users/User/Documents/GitHub/Bloco_Operacional/Bloco_Operacional.srcs/sources_1/imports/RegisterFile/RegisterFile.vhd', nor could it be found using path 'C:/Users/Luiz/Desktop/Projeto de circuitos integrados digitais/Projeto Final/Bloco_Operacional/Bloco_Operacional.srcs/sources_1/imports/RegisterFile/RegisterFile.vhd'.
Scanning sources...
Finished scanning sources
INFO: [Project 1-573] Overriding 'synth_1' run's part, 'xc7vx485tffg1157-1', with new part: 'xc7a12ticsg325-1L'.
INFO: [Project 1-573] Overriding 'impl_1' run's part, 'xc7vx485tffg1157-1', with new part: 'xc7a12ticsg325-1L'.
INFO: [IP_Flow 19-234] Refreshing IP repositories
INFO: [IP_Flow 19-1704] No user IP repositories specified
INFO: [IP_Flow 19-2313] Loaded Vivado IP repository 'D:/Xilinx/Vivado/2021.1/data/ip'.
open_project: Time (s): cpu = 00:00:18 ; elapsed = 00:00:07 . Memory (MB): peak = 1440.332 ; gain = 0.000
update_compile_order -fileset sources_1
update_files -from_files C:/Users/User/Documents/GitHub/Processador_6_instrucoes/ALU.vhd -to_files C:/Users/User/Documents/GitHub/Bloco_Operacional/Bloco_Operacional.srcs/sources_1/new/ALU.vhd -filesets [get_filesets *]
INFO: [filemgmt 20-762] Replacing file 'C:/Users/User/Documents/GitHub/Bloco_Operacional/Bloco_Operacional.srcs/sources_1/new/ALU.vhd' with file 'C:/Users/User/Documents/GitHub/Processador_6_instrucoes/ALU.vhd'.
update_files -from_files C:/Users/User/Documents/GitHub/Processador_6_instrucoes/MUX3x1.vhd -to_files C:/Users/User/Documents/GitHub/Bloco_Operacional/Bloco_Operacional.srcs/sources_1/new/MUX3x1.vhd -filesets [get_filesets *]
INFO: [filemgmt 20-762] Replacing file 'C:/Users/User/Documents/GitHub/Bloco_Operacional/Bloco_Operacional.srcs/sources_1/new/MUX3x1.vhd' with file 'C:/Users/User/Documents/GitHub/Processador_6_instrucoes/MUX3x1.vhd'.
update_files -from_files C:/Users/User/Documents/GitHub/Processador_6_instrucoes/RegisterFile/RegisterFile.vhd -to_files C:/Users/User/Documents/GitHub/Bloco_Operacional/Bloco_Operacional.srcs/sources_1/imports/RegisterFile/RegisterFile.vhd -filesets [get_filesets *]
INFO: [filemgmt 20-762] Replacing file 'C:/Users/User/Documents/GitHub/Bloco_Operacional/Bloco_Operacional.srcs/sources_1/imports/RegisterFile/RegisterFile.vhd' with file 'C:/Users/User/Documents/GitHub/Processador_6_instrucoes/RegisterFile/RegisterFile.vhd'.
update_files -from_files C:/Users/User/Documents/GitHub/Processador_6_instrucoes/flag0.vhd -to_files C:/Users/User/Documents/GitHub/Bloco_Operacional/Bloco_Operacional.srcs/sources_1/new/flag0.vhd -filesets [get_filesets *]
INFO: [filemgmt 20-762] Replacing file 'C:/Users/User/Documents/GitHub/Bloco_Operacional/Bloco_Operacional.srcs/sources_1/new/flag0.vhd' with file 'C:/Users/User/Documents/GitHub/Processador_6_instrucoes/flag0.vhd'.
update_files -from_files C:/Users/User/Documents/GitHub/Processador_6_instrucoes/MemoryD/memD.vhd -to_files C:/Users/User/Documents/GitHub/Bloco_Operacional/Bloco_Operacional.srcs/sources_1/new/memD.vhd -filesets [get_filesets *]
INFO: [filemgmt 20-762] Replacing file 'C:/Users/User/Documents/GitHub/Bloco_Operacional/Bloco_Operacional.srcs/sources_1/new/memD.vhd' with file 'C:/Users/User/Documents/GitHub/Processador_6_instrucoes/MemoryD/memD.vhd'.
update_files -from_files C:/Users/User/Documents/GitHub/Processador_6_instrucoes/MemoryI/memI.vhd -to_files C:/Users/User/Documents/GitHub/Unidade_de_controle/Unidade_de_controle.srcs/sources_1/imports/processador_6_instrucoes/MemoryI/memI.vhd -filesets [get_filesets *]
INFO: [filemgmt 20-762] Replacing file 'C:/Users/User/Documents/GitHub/Unidade_de_controle/Unidade_de_controle.srcs/sources_1/imports/processador_6_instrucoes/MemoryI/memI.vhd' with file 'C:/Users/User/Documents/GitHub/Processador_6_instrucoes/MemoryI/memI.vhd'.
update_files -from_files C:/Users/User/Documents/GitHub/Processador_6_instrucoes/ProgramCounter/PC/pc.vhd -to_files C:/Users/User/Documents/GitHub/Unidade_de_controle/Unidade_de_controle.srcs/sources_1/imports/processador_6_instrucoes/ProgramCounter/PC/pc.vhd -filesets [get_filesets *]
INFO: [filemgmt 20-762] Replacing file 'C:/Users/User/Documents/GitHub/Unidade_de_controle/Unidade_de_controle.srcs/sources_1/imports/processador_6_instrucoes/ProgramCounter/PC/pc.vhd' with file 'C:/Users/User/Documents/GitHub/Processador_6_instrucoes/ProgramCounter/PC/pc.vhd'.
update_files -from_files C:/Users/User/Documents/GitHub/Processador_6_instrucoes/somador.vhd -to_files C:/Users/User/Documents/GitHub/Unidade_de_controle/Unidade_de_controle.srcs/sources_1/imports/processador_6_instrucoes/somador.vhd -filesets [get_filesets *]
INFO: [filemgmt 20-762] Replacing file 'C:/Users/User/Documents/GitHub/Unidade_de_controle/Unidade_de_controle.srcs/sources_1/imports/processador_6_instrucoes/somador.vhd' with file 'C:/Users/User/Documents/GitHub/Processador_6_instrucoes/somador.vhd'.
update_files -from_files C:/Users/User/Documents/GitHub/Processador_6_instrucoes/bloco_controle.vhd -to_files C:/Users/User/Documents/GitHub/Unidade_de_controle/Unidade_de_controle.srcs/sources_1/imports/processador_6_instrucoes/bloco_controle.vhd -filesets [get_filesets *]
INFO: [filemgmt 20-762] Replacing file 'C:/Users/User/Documents/GitHub/Unidade_de_controle/Unidade_de_controle.srcs/sources_1/imports/processador_6_instrucoes/bloco_controle.vhd' with file 'C:/Users/User/Documents/GitHub/Processador_6_instrucoes/bloco_controle.vhd'.
update_files -from_files C:/Users/User/Documents/GitHub/Processador_6_instrucoes/unidade_de_controle.vhd -to_files C:/Users/User/Documents/GitHub/Unidade_de_controle/Unidade_de_controle.srcs/sources_1/imports/processador_6_instrucoes/unidade_de_controle.vhd -filesets [get_filesets *]
INFO: [filemgmt 20-762] Replacing file 'C:/Users/User/Documents/GitHub/Unidade_de_controle/Unidade_de_controle.srcs/sources_1/imports/processador_6_instrucoes/unidade_de_controle.vhd' with file 'C:/Users/User/Documents/GitHub/Processador_6_instrucoes/unidade_de_controle.vhd'.
update_files -from_files C:/Users/User/Documents/GitHub/Processador_6_instrucoes/teste_bloco_de_controle/top_level_controle.vhd -to_files C:/Users/User/Documents/GitHub/Unidade_de_controle/Unidade_de_controle.srcs/sources_1/new/top_level_controle.vhd -filesets [get_filesets *]
INFO: [filemgmt 20-762] Replacing file 'C:/Users/User/Documents/GitHub/Unidade_de_controle/Unidade_de_controle.srcs/sources_1/new/top_level_controle.vhd' with file 'C:/Users/User/Documents/GitHub/Processador_6_instrucoes/teste_bloco_de_controle/top_level_controle.vhd'.
update_compile_order -fileset sources_1
update_files -from_files C:/Users/User/Documents/GitHub/Processador_6_instrucoes/teste_bloco_operacional/top_level_operacional.vhd -to_files C:/Users/User/Documents/GitHub/Bloco_Operacional/Bloco_Operacional.srcs/sources_1/new/top_level_operacional.vhd -filesets [get_filesets *]
INFO: [filemgmt 20-762] Replacing file 'C:/Users/User/Documents/GitHub/Bloco_Operacional/Bloco_Operacional.srcs/sources_1/new/top_level_operacional.vhd' with file 'C:/Users/User/Documents/GitHub/Processador_6_instrucoes/teste_bloco_operacional/top_level_operacional.vhd'.
update_compile_order -fileset sources_1
launch_runs synth_1 -jobs 4
[Thu Apr  7 09:34:16 2022] Launched synth_1...
Run output will be captured here: C:/Users/User/Documents/GitHub/Processador_6_instrucoes/processador_6_instrucoes.runs/synth_1/runme.log
reset_run synth_1
launch_runs synth_1 -jobs 4
[Thu Apr  7 11:03:30 2022] Launched synth_1...
Run output will be captured here: C:/Users/User/Documents/GitHub/Processador_6_instrucoes/processador_6_instrucoes.runs/synth_1/runme.log
reset_run synth_1
launch_runs synth_1 -jobs 4
[Thu Apr  7 11:43:19 2022] Launched synth_1...
Run output will be captured here: C:/Users/User/Documents/GitHub/Processador_6_instrucoes/processador_6_instrucoes.runs/synth_1/runme.log
reset_run synth_1
launch_runs synth_1 -jobs 4
[Thu Apr  7 11:44:07 2022] Launched synth_1...
Run output will be captured here: C:/Users/User/Documents/GitHub/Processador_6_instrucoes/processador_6_instrucoes.runs/synth_1/runme.log
reset_run synth_1
WARNING: [Vivado 12-1017] Problems encountered:
1. Failed to delete one or more files in run directory C:/Users/User/Documents/GitHub/Processador_6_instrucoes/processador_6_instrucoes.runs/synth_1

launch_runs synth_1 -jobs 4
[Thu Apr  7 11:47:41 2022] Launched synth_1...
Run output will be captured here: C:/Users/User/Documents/GitHub/Processador_6_instrucoes/processador_6_instrucoes.runs/synth_1/runme.log
reset_run synth_1
launch_runs synth_1 -jobs 4
[Thu Apr  7 15:51:22 2022] Launched synth_1...
Run output will be captured here: C:/Users/User/Documents/GitHub/Processador_6_instrucoes/processador_6_instrucoes.runs/synth_1/runme.log
reset_run synth_1
launch_runs synth_1 -jobs 4
[Thu Apr  7 15:53:52 2022] Launched synth_1...
Run output will be captured here: C:/Users/User/Documents/GitHub/Processador_6_instrucoes/processador_6_instrucoes.runs/synth_1/runme.log
reset_run synth_1
launch_runs synth_1 -jobs 4
[Thu Apr  7 15:55:05 2022] Launched synth_1...
Run output will be captured here: C:/Users/User/Documents/GitHub/Processador_6_instrucoes/processador_6_instrucoes.runs/synth_1/runme.log
set_property is_enabled false [get_files  C:/Users/User/Documents/GitHub/Processador_6_instrucoes/processador_6_instrucoes.srcs/sources_1/new/processador_6_instrucoes.vhd]
update_compile_order -fileset sources_1
set_property is_enabled false [get_files  {{C:/Users/User/Documents/GitHub/Processador_6_instrucoes/processador_6_instrucoes.srcs/sources_1/imports/Projeto Final/Bloco_Operacional/Bloco_Operacional.srcs/sources_1/new/bloco_operacional.vhd} C:/Users/User/Documents/GitHub/Processador_6_instrucoes/MemoryD/memD.vhd C:/Users/User/Documents/GitHub/Processador_6_instrucoes/teste_bloco_operacional/top_level_operacional.vhd}]
set_property is_enabled false [get_files  {C:/Users/User/Documents/GitHub/Processador_6_instrucoes/ALU.vhd C:/Users/User/Documents/GitHub/Processador_6_instrucoes/MUX3x1.vhd C:/Users/User/Documents/GitHub/Processador_6_instrucoes/RegisterFile/RegisterFile.vhd C:/Users/User/Documents/GitHub/Processador_6_instrucoes/flag0.vhd}]
set_property is_enabled false [get_files  C:/Users/User/Documents/GitHub/Processador_6_instrucoes/teste_bloco_de_controle/top_level_controle.vhd]
set_property is_enabled false [get_files  C:/Users/User/Documents/GitHub/Processador_6_instrucoes/MemoryI/memI.vhd]
reset_run synth_1
launch_runs synth_1 -jobs 4
[Thu Apr  7 16:25:50 2022] Launched synth_1...
Run output will be captured here: C:/Users/User/Documents/GitHub/Processador_6_instrucoes/processador_6_instrucoes.runs/synth_1/runme.log
close [ open C:/Users/User/Documents/GitHub/Processador_6_instrucoes/processador_6_instrucoes.srcs/sources_1/new/topUnidadeControle.vhd w ]
add_files C:/Users/User/Documents/GitHub/Processador_6_instrucoes/processador_6_instrucoes.srcs/sources_1/new/topUnidadeControle.vhd
update_compile_order -fileset sources_1
update_compile_order -fileset sources_1
launch_simulation
Command: launch_simulation 
INFO: [Vivado 12-12493] Simulation top is 'tb_processador_6_instrucoes'
INFO: [Vivado 12-5682] Launching behavioral simulation in 'C:/Users/User/Documents/GitHub/Processador_6_instrucoes/processador_6_instrucoes.sim/sim_1/behav/xsim'
INFO: [SIM-utils-51] Simulation object is 'sim_1'
INFO: [SIM-utils-72] Using boost library from 'D:/Xilinx/Vivado/2021.1/tps/boost_1_72_0'
INFO: [SIM-utils-54] Inspecting design source files for 'tb_processador_6_instrucoes' in fileset 'sim_1'...
INFO: [SIM-utils-43] Exported 'C:/Users/User/Documents/GitHub/Processador_6_instrucoes/processador_6_instrucoes.sim/sim_1/behav/xsim/hexFile.mem'
INFO: [USF-XSim-97] Finding global include files...
INFO: [USF-XSim-98] Fetching design files from 'sim_1'...
INFO: [USF-XSim-2] XSim::Compile design
INFO: [USF-XSim-61] Executing 'COMPILE and ANALYZE' step in 'C:/Users/User/Documents/GitHub/Processador_6_instrucoes/processador_6_instrucoes.sim/sim_1/behav/xsim'
"xvhdl --incr --relax -prj tb_processador_6_instrucoes_vhdl.prj"
INFO: [VRFC 10-163] Analyzing VHDL file "C:/Users/User/Documents/GitHub/Processador_6_instrucoes/processador_6_instrucoes.srcs/sim_1/new/tb_processador_6_instrucoes.vhd" into library xil_defaultlib
INFO: [VRFC 10-3107] analyzing entity 'tb_processador_6_instrucoes'
INFO: [USF-XSim-69] 'compile' step finished in '2' seconds
INFO: [USF-XSim-3] XSim::Elaborate design
INFO: [USF-XSim-61] Executing 'ELABORATE' step in 'C:/Users/User/Documents/GitHub/Processador_6_instrucoes/processador_6_instrucoes.sim/sim_1/behav/xsim'
"xelab -wto 71e51cb56bb34c09a4374b21dc3a2f1a --incr --debug typical --relax --mt 2 -L xil_defaultlib -L secureip --snapshot tb_processador_6_instrucoes_behav xil_defaultlib.tb_processador_6_instrucoes -log elaborate.log"
Vivado Simulator v2021.1
Copyright 1986-1999, 2001-2021 Xilinx, Inc. All Rights Reserved.
Running: D:/Xilinx/Vivado/2021.1/bin/unwrapped/win64.o/xelab.exe -wto 71e51cb56bb34c09a4374b21dc3a2f1a --incr --debug typical --relax --mt 2 -L xil_defaultlib -L secureip --snapshot tb_processador_6_instrucoes_behav xil_defaultlib.tb_processador_6_instrucoes -log elaborate.log 
Using 2 slave threads.
Starting static elaboration
ERROR: [VRFC 10-3006] 'C:/Users/User/Documents/GitHub/Processador_6_instrucoes/processador_6_instrucoes.sim/sim_1/behav/xsim/xsim.dir/xil_defaultlib/processador_6_instrucoes.vdb' needs to be re-saved since 'std.textio' changed
ERROR: [VRFC 10-3032] 'xil_defaultlib.processador_6_instrucoes' failed to restore
ERROR: [VRFC 10-3006] 'C:/Users/User/Documents/GitHub/Processador_6_instrucoes/processador_6_instrucoes.sim/sim_1/behav/xsim/xsim.dir/xil_defaultlib/processador_6_instrucoes.vdb' needs to be re-saved since 'std.textio' changed
ERROR: [VRFC 10-3032] 'xil_defaultlib.processador_6_instrucoes' failed to restore
ERROR: [VRFC 10-3006] 'C:/Users/User/Documents/GitHub/Processador_6_instrucoes/processador_6_instrucoes.sim/sim_1/behav/xsim/xsim.dir/xil_defaultlib/processador_6_instrucoes.vdb' needs to be re-saved since 'std.textio' changed
ERROR: [VRFC 10-3032] 'xil_defaultlib.processador_6_instrucoes' failed to restore
WARNING: [VRFC 10-4940] 'processador_6_instrucoes' remains a black box since it has no binding entity [C:/Users/User/Documents/GitHub/Processador_6_instrucoes/processador_6_instrucoes.srcs/sim_1/new/tb_processador_6_instrucoes.vhd:51]
ERROR: [XSIM 43-3321] Static elaboration of top level VHDL design unit tb_processador_6_instrucoes in library work failed.
INFO: [USF-XSim-69] 'elaborate' step finished in '2' seconds
INFO: [USF-XSim-99] Step results log file:'C:/Users/User/Documents/GitHub/Processador_6_instrucoes/processador_6_instrucoes.sim/sim_1/behav/xsim/elaborate.log'
ERROR: [USF-XSim-62] 'elaborate' step failed with error(s). Please check the Tcl console output or 'C:/Users/User/Documents/GitHub/Processador_6_instrucoes/processador_6_instrucoes.sim/sim_1/behav/xsim/elaborate.log' file for more information.
ERROR: [Vivado 12-4473] Detected error while running simulation. Please correct the issue and retry this operation.
launch_simulation: Time (s): cpu = 00:00:01 ; elapsed = 00:00:05 . Memory (MB): peak = 1440.332 ; gain = 0.000
ERROR: [Common 17-39] 'launch_simulation' failed due to earlier errors.
exit
INFO: [Common 17-206] Exiting Vivado at Thu Apr  7 16:55:42 2022...
